{
  "RSpec": {
    "coverage": {
      "/Users/dev/Desktop/instagram-rails/spec/models/comment_spec.rb": {
        "lines": [
          null,
          null,
          1,
          null,
          1,
          5,
          2,
          2,
          1,
          2,
          1,
          1,
          1,
          null,
          null,
          null
        ]
      },
      "/Users/dev/Desktop/instagram-rails/spec/rails_helper.rb": {
        "lines": [
          null,
          null,
          null,
          1,
          1,
          1,
          null,
          1,
          1,
          2,
          null,
          1,
          null,
          0,
          0,
          null,
          1,
          1,
          1,
          1,
          1,
          1,
          null,
          1,
          1,
          1,
          1,
          null,
          null
        ]
      },
      "/Users/dev/Desktop/instagram-rails/config/environment.rb": {
        "lines": [
          null,
          1,
          null,
          null,
          1
        ]
      },
      "/Users/dev/Desktop/instagram-rails/config/application.rb": {
        "lines": [
          1,
          null,
          1,
          null,
          null,
          null,
          1,
          null,
          1,
          1,
          null,
          1,
          1,
          null,
          null
        ]
      },
      "/Users/dev/Desktop/instagram-rails/config/boot.rb": {
        "lines": [
          1,
          null,
          1,
          1
        ]
      },
      "/Users/dev/Desktop/instagram-rails/config/environments/test.rb": {
        "lines": [
          1,
          null,
          null,
          null,
          null,
          null,
          null,
          1,
          null,
          null,
          null,
          null,
          1,
          null,
          null,
          1,
          1,
          null,
          null,
          null,
          null,
          1,
          1,
          null,
          null,
          1,
          null,
          null,
          1,
          null,
          null,
          1,
          null,
          1,
          null,
          null,
          null,
          null,
          1,
          null,
          null,
          1,
          null,
          null,
          null,
          null
        ]
      },
      "/Users/dev/Desktop/instagram-rails/config/initializers/application_controller_renderer.rb": {
        "lines": [
          null,
          null,
          null,
          null,
          null,
          null,
          null,
          null,
          null,
          null
        ]
      },
      "/Users/dev/Desktop/instagram-rails/config/initializers/assets.rb": {
        "lines": [
          null,
          null,
          null,
          null,
          null,
          1,
          null,
          null,
          null,
          null,
          1,
          null,
          null,
          null,
          null,
          null
        ]
      },
      "/Users/dev/Desktop/instagram-rails/config/initializers/backtrace_silencers.rb": {
        "lines": [
          null,
          null,
          null,
          null,
          null,
          null,
          null,
          null,
          null
        ]
      },
      "/Users/dev/Desktop/instagram-rails/config/initializers/cloudinary.rb": {
        "lines": [
          null,
          null,
          null,
          1,
          1,
          1,
          1,
          1,
          null
        ]
      },
      "/Users/dev/Desktop/instagram-rails/config/initializers/content_security_policy.rb": {
        "lines": [
          null,
          null,
          null,
          null,
          null,
          null,
          null,
          null,
          null,
          null,
          null,
          null,
          null,
          null,
          null,
          null,
          null,
          null,
          null,
          null,
          null,
          null,
          null,
          null,
          null,
          null,
          null
        ]
      },
      "/Users/dev/Desktop/instagram-rails/config/initializers/cookies_serializer.rb": {
        "lines": [
          null,
          null,
          null,
          null,
          null,
          null,
          1
        ]
      },
      "/Users/dev/Desktop/instagram-rails/config/initializers/devise.rb": {
        "lines": [
          null,
          null,
          1,
          1,
          1,
          1,
          1,
          1,
          1,
          1,
          1,
          1,
          1,
          1,
          1,
          1,
          1,
          1,
          1,
          null,
          1,
          1,
          null
        ]
      },
      "/Users/dev/Desktop/instagram-rails/config/initializers/filter_parameter_logging.rb": {
        "lines": [
          null,
          null,
          null,
          null,
          null,
          1
        ]
      },
      "/Users/dev/Desktop/instagram-rails/config/initializers/inflections.rb": {
        "lines": [
          null,
          null,
          null,
          null,
          null,
          null,
          null,
          null,
          null,
          null,
          null,
          null,
          null,
          null,
          null,
          null,
          null,
          null
        ]
      },
      "/Users/dev/Desktop/instagram-rails/config/initializers/mime_types.rb": {
        "lines": [
          null,
          null,
          null,
          null,
          null,
          null
        ]
      },
      "/Users/dev/Desktop/instagram-rails/config/initializers/sidekiq.rb": {
        "lines": [
          null,
          null,
          null,
          1,
          1,
          null,
          null,
          1,
          0,
          0,
          0,
          0,
          null,
          null
        ]
      },
      "/Users/dev/Desktop/instagram-rails/config/initializers/wrap_parameters.rb": {
        "lines": [
          null,
          null,
          null,
          null,
          null,
          null,
          null,
          null,
          1,
          2,
          null,
          null,
          null,
          null,
          null,
          null
        ]
      },
      "/Users/dev/Desktop/instagram-rails/spec/factories/comment.rb": {
        "lines": [
          null,
          null,
          1,
          1,
          11,
          1,
          null,
          null
        ]
      },
      "/Users/dev/Desktop/instagram-rails/spec/factories/post.rb": {
        "lines": [
          null,
          null,
          1,
          null,
          1,
          1,
          25,
          null,
          null
        ]
      },
      "/Users/dev/Desktop/instagram-rails/spec/factories/user.rb": {
        "lines": [
          null,
          null,
          1,
          null,
          1,
          1,
          26,
          26,
          26,
          26,
          null,
          null
        ]
      },
      "/Users/dev/Desktop/instagram-rails/config/routes.rb": {
        "lines": [
          null,
          null,
          null,
          1,
          1,
          1,
          1,
          1,
          1,
          1,
          null,
          null,
          1,
          1,
          1,
          1,
          null,
          1,
          1,
          1,
          1,
          1,
          1,
          null
        ]
      },
      "/Users/dev/Desktop/instagram-rails/app/models/user.rb": {
        "lines": [
          null,
          null,
          null,
          1,
          1,
          1,
          1,
          1,
          1,
          1,
          null,
          null,
          1,
          null,
          1,
          1,
          1,
          null,
          1,
          29,
          null,
          0,
          null,
          null,
          null,
          1,
          1,
          null,
          0,
          null,
          null
        ]
      },
      "/Users/dev/Desktop/instagram-rails/app/models/application_record.rb": {
        "lines": [
          null,
          null,
          null,
          1,
          1,
          null
        ]
      },
      "/Users/dev/Desktop/instagram-rails/app/models/concerns/followable.rb": {
        "lines": [
          null,
          null,
          null,
          1,
          1,
          null,
          1,
          1,
          null,
          null,
          1,
          null,
          1,
          null,
          1,
          null,
          null,
          1,
          0,
          null,
          null,
          1,
          0,
          null,
          null,
          1,
          1,
          1,
          null,
          null
        ]
      },
      "/Users/dev/Desktop/instagram-rails/app/uploaders/image_uploader.rb": {
        "lines": [
          null,
          null,
          null,
          1,
          1,
          0,
          null,
          1,
          null,
          1,
          1,
          null,
          1,
          1,
          null,
          null,
          1,
          1,
          null,
          null
        ]
      },
      "/Users/dev/Desktop/instagram-rails/app/helpers/application_helper.rb": {
        "lines": [
          null,
          null,
          null,
          1,
          1,
          0,
          null,
          null,
          null,
          1,
          7,
          0,
          0,
          0,
          null,
          null,
          null,
          null,
          null
        ]
      },
      "/Users/dev/Desktop/instagram-rails/app/helpers/posts_helper.rb": {
        "lines": [
          null,
          null,
          1,
          null
        ]
      },
      "/Users/dev/Desktop/instagram-rails/app/helpers/stories_helper.rb": {
        "lines": [
          null,
          null,
          1,
          null
        ]
      },
      "/Users/dev/Desktop/instagram-rails/app/helpers/users_helper.rb": {
        "lines": [
          null,
          null,
          1,
          null
        ]
      },
      "/Users/dev/Desktop/instagram-rails/spec/support/factory_bot.rb": {
        "lines": [
          null,
          null,
          1,
          1,
          null
        ]
      },
      "/Users/dev/Desktop/instagram-rails/app/models/comment.rb": {
        "lines": [
          null,
          null,
          null,
          1,
          1,
          1,
          1,
          1,
          1,
          1,
          null,
          1,
          null,
          1,
          11,
          null,
          null,
          null,
          null,
          null,
          null,
          1,
          1,
          null,
          null,
          null,
          null,
          1,
          1,
          null,
          null,
          null,
          null,
          null,
          null
        ]
      },
      "/Users/dev/Desktop/instagram-rails/spec/models/follow_spec.rb": {
        "lines": [
          null,
          null,
          1,
          null,
          1,
          2,
          2,
          null
        ]
      },
      "/Users/dev/Desktop/instagram-rails/app/models/follow.rb": {
        "lines": [
          null,
          null,
          null,
          1,
          1,
          null,
          null,
          1,
          null,
          null,
          null
        ]
      },
      "/Users/dev/Desktop/instagram-rails/spec/models/like_spec.rb": {
        "lines": [
          null,
          null,
          1,
          null,
          1,
          2,
          2,
          null
        ]
      },
      "/Users/dev/Desktop/instagram-rails/app/models/like.rb": {
        "lines": [
          null,
          null,
          null,
          1,
          1,
          1,
          null
        ]
      },
      "/Users/dev/Desktop/instagram-rails/spec/models/photo_spec.rb": {
        "lines": [
          null,
          null,
          1,
          null,
          1,
          2,
          null
        ]
      },
      "/Users/dev/Desktop/instagram-rails/app/models/photo.rb": {
        "lines": [
          null,
          null,
          1,
          1,
          1,
          null
        ]
      },
      "/Users/dev/Desktop/instagram-rails/spec/models/post_spec.rb": {
        "lines": [
          null,
          null,
          1,
          null,
          1,
          7,
          1,
          2,
          2,
          2,
          2,
          null,
          1,
          2,
          1,
          1,
          1,
          null,
          null,
          null
        ]
      },
      "/Users/dev/Desktop/instagram-rails/app/models/post.rb": {
        "lines": [
          null,
          null,
          null,
          1,
          1,
          1,
          3,
          10,
          1,
          null
        ]
      },
      "/Users/dev/Desktop/instagram-rails/spec/models/story_spec.rb": {
        "lines": [
          null,
          null,
          1,
          null,
          1,
          5,
          1,
          2,
          2,
          null,
          1,
          2,
          1,
          1,
          1,
          null,
          null,
          null
        ]
      },
      "/Users/dev/Desktop/instagram-rails/app/models/story.rb": {
        "lines": [
          null,
          null,
          null,
          1,
          1,
          1,
          1,
          null
        ]
      },
      "/Users/dev/Desktop/instagram-rails/spec/models/user_spec.rb": {
        "lines": [
          null,
          null,
          1,
          null,
          1,
          1,
          2,
          2,
          2,
          2,
          null,
          1,
          2,
          2,
          null,
          null,
          1,
          2,
          1,
          1,
          null,
          null,
          null,
          1,
          1,
          1,
          1,
          1,
          null,
          null,
          null
        ]
      },
      "/Users/dev/Desktop/instagram-rails/spec/requests/comments_spec.rb": {
        "lines": [
          null,
          null,
          1,
          null,
          1,
          11,
          11,
          11,
          1,
          null,
          10,
          null,
          null,
          null,
          null,
          1,
          null,
          2,
          null,
          null,
          null,
          1,
          1,
          6,
          null,
          null,
          1,
          1,
          1,
          1,
          1,
          null,
          null,
          null,
          1,
          1,
          1,
          1,
          null,
          null,
          null,
          null,
          null,
          1,
          1,
          1,
          1,
          1,
          1,
          null,
          null,
          null,
          null,
          1,
          1,
          1,
          1,
          1,
          1,
          1,
          null,
          null,
          1,
          1,
          1,
          1,
          null,
          null,
          null,
          null,
          1,
          1,
          1,
          1,
          1,
          null,
          null,
          null,
          null,
          1,
          6,
          null,
          null,
          1,
          1,
          1,
          1,
          1,
          1,
          null,
          null,
          null,
          1,
          1,
          1,
          1,
          1,
          null,
          null,
          null,
          null,
          1,
          1,
          1,
          1,
          1,
          1,
          null,
          null,
          null,
          null,
          1,
          1,
          1,
          1,
          1,
          null,
          null,
          null,
          null,
          null
        ]
      },
      "/Users/dev/Desktop/instagram-rails/spec/requests/posts_spec.rb": {
        "lines": [
          null,
          null,
          1,
          null,
          1,
          15,
          15,
          null,
          1,
          4,
          null,
          null,
          null,
          1,
          2,
          null,
          null,
          null,
          null,
          1,
          1,
          9,
          null,
          1,
          1,
          1,
          1,
          1,
          1,
          null,
          null,
          null,
          null,
          1,
          1,
          1,
          1,
          1,
          null,
          null,
          null,
          1,
          1,
          1,
          1,
          null,
          null,
          null,
          null,
          null,
          1,
          1,
          1,
          1,
          1,
          1,
          null,
          null,
          1,
          1,
          1,
          1,
          null,
          null,
          null,
          null,
          1,
          1,
          1,
          1,
          1,
          1,
          1,
          null,
          null,
          1,
          1,
          1,
          1,
          null,
          null,
          null,
          null,
          1,
          1,
          1,
          1,
          1,
          null,
          1,
          null,
          null,
          1,
          1,
          1,
          1,
          null,
          null,
          null,
          null,
          1,
          9,
          null,
          null,
          1,
          1,
          1,
          1,
          1,
          1,
          null,
          null,
          null,
          1,
          1,
          1,
          1,
          1,
          null,
          null,
          null,
          1,
          1,
          1,
          1,
          1,
          null,
          null,
          null,
          1,
          1,
          1,
          1,
          1,
          1,
          null,
          null,
          null,
          1,
          1,
          1,
          1,
          1,
          null,
          null,
          null,
          null,
          null
        ]
      },
      "/Users/dev/Desktop/instagram-rails/app/controllers/application_controller.rb": {
        "lines": [
          null,
          null,
          null,
          1,
          1,
          1,
          null,
          1,
          null,
          1,
          null,
          1,
          null,
          1,
          0,
          0,
          null,
          null,
          1,
          null,
          1,
          0,
          0,
          null,
          null
        ]
      },
      "/Users/dev/Desktop/instagram-rails/app/controllers/comments_controller.rb": {
        "lines": [
          null,
          null,
          null,
          1,
          1,
          1,
          null,
          1,
          2,
          2,
          2,
          1,
          null,
          1,
          null,
          1,
          null,
          null,
          1,
          1,
          null,
          null,
          1,
          2,
          1,
          null,
          1,
          null,
          null,
          null,
          1,
          1,
          1,
          null,
          0,
          null,
          1,
          null,
          null,
          null,
          1,
          null,
          1,
          4,
          4,
          null,
          null,
          1,
          4,
          null
        ]
      },
      "/Users/dev/Desktop/instagram-rails/app/policies/comment_policy.rb": {
        "lines": [
          null,
          null,
          null,
          1,
          1,
          null,
          null,
          null,
          null,
          null,
          null,
          1,
          1,
          null,
          null,
          1,
          1,
          null,
          null,
          1,
          1,
          null,
          null
        ]
      },
      "/Users/dev/Desktop/instagram-rails/app/policies/application_policy.rb": {
        "lines": [
          null,
          null,
          1,
          1,
          null,
          1,
          5,
          5,
          null,
          null,
          1,
          0,
          null,
          null,
          1,
          0,
          null,
          null,
          1,
          0,
          null,
          null,
          1,
          0,
          null,
          null,
          1,
          0,
          null,
          null,
          1,
          0,
          null,
          null,
          1,
          0,
          null,
          null,
          1,
          1,
          0,
          0,
          null,
          null,
          1,
          0,
          null,
          null,
          1,
          null,
          1,
          null,
          null
        ]
      },
      "/Users/dev/Desktop/instagram-rails/app/controllers/posts_controller.rb": {
        "lines": [
          null,
          null,
          null,
          1,
          1,
          1,
          null,
          1,
          1,
          null,
          1,
          null,
          null,
          1,
          2,
          2,
          1,
          1,
          1,
          0,
          0,
          null,
          null,
          1,
          1,
          null,
          0,
          0,
          null,
          null,
          1,
          null,
          null,
          null,
          1,
          1,
          null,
          null,
          1,
          2,
          2,
          1,
          null,
          1,
          null,
          null,
          null,
          null,
          1,
          0,
          null,
          null,
          1,
          1,
          1,
          null,
          1,
          1,
          null,
          0,
          null,
          null,
          0,
          null,
          null,
          null,
          null,
          null,
          1,
          null,
          null,
          1,
          null,
          1,
          6,
          6,
          null,
          2,
          null,
          null,
          1,
          4,
          null,
          null
        ]
      },
      "/Users/dev/Desktop/instagram-rails/app/policies/post_policy.rb": {
        "lines": [
          null,
          null,
          null,
          1,
          1,
          null,
          null,
          null,
          null,
          null,
          null,
          1,
          1,
          null,
          1,
          null,
          null,
          null,
          1,
          1,
          null,
          null,
          1,
          1,
          null,
          null,
          1,
          0,
          null,
          null
        ]
      }
    },
    "timestamp": 1658240117
  }
}
